<?xml version="1.0" encoding="UTF-8"?>
<testng-results ignored="0" total="3" passed="3" failed="0" skipped="0">
  <reporter-output>
  </reporter-output>
  <suite started-at="2025-12-27T20:15:45 IST" name="Surefire suite" finished-at="2025-12-27T20:15:50 IST" duration-ms="5096">
    <groups>
    </groups>
    <test started-at="2025-12-27T20:15:45 IST" name="Surefire test" finished-at="2025-12-27T20:15:50 IST" duration-ms="5096">
      <class name="apiTests.PostUserTests">
        <test-method is-config="true" signature="inits()[pri:0, instance:apiTests.PostUserTests@3d3ba765]" started-at="2025-12-27T20:15:45 IST" name="inits" finished-at="2025-12-27T20:15:45 IST" duration-ms="192" status="PASS">
          <reporter-output>
          </reporter-output>
        </test-method> <!-- inits -->
        <test-method is-config="true" signature="init()[pri:0, instance:apiTests.PostUserTests@3d3ba765]" started-at="2025-12-27T20:15:45 IST" name="init" finished-at="2025-12-27T20:15:47 IST" duration-ms="1387" status="PASS">
          <reporter-output>
          </reporter-output>
        </test-method> <!-- init -->
        <test-method signature="VerifyGetUser()[pri:0, instance:apiTests.PostUserTests@3d3ba765]" started-at="2025-12-27T20:15:49 IST" name="VerifyGetUser" finished-at="2025-12-27T20:15:50 IST" duration-ms="1094" status="PASS">
          <reporter-output>
          </reporter-output>
        </test-method> <!-- VerifyGetUser -->
        <test-method signature="VerifyPostUser()[pri:0, instance:apiTests.PostUserTests@3d3ba765]" started-at="2025-12-27T20:15:50 IST" name="VerifyPostUser" finished-at="2025-12-27T20:15:50 IST" duration-ms="144" status="PASS">
          <reporter-output>
          </reporter-output>
        </test-method> <!-- VerifyPostUser -->
        <test-method is-config="true" signature="tearDown()[pri:0, instance:apiTests.PostUserTests@3d3ba765]" started-at="2025-12-27T20:15:50 IST" name="tearDown" finished-at="2025-12-27T20:15:50 IST" duration-ms="0" status="PASS">
          <reporter-output>
          </reporter-output>
        </test-method> <!-- tearDown -->
        <test-method is-config="true" signature="tearDowns()[pri:0, instance:apiTests.PostUserTests@3d3ba765]" started-at="2025-12-27T20:15:50 IST" name="tearDowns" finished-at="2025-12-27T20:15:51 IST" duration-ms="233" status="PASS">
          <reporter-output>
          </reporter-output>
        </test-method> <!-- tearDowns -->
      </class> <!-- apiTests.PostUserTests -->
      <class name="uiTests.SearchProductTests">
        <test-method is-config="true" signature="init()[pri:0, instance:uiTests.SearchProductTests@57ac5227]" started-at="2025-12-27T20:15:47 IST" name="init" finished-at="2025-12-27T20:15:49 IST" duration-ms="2257" status="PASS">
          <reporter-output>
          </reporter-output>
        </test-method> <!-- init -->
        <test-method signature="SearchForItem()[pri:0, instance:uiTests.SearchProductTests@57ac5227]" started-at="2025-12-27T20:15:50 IST" name="SearchForItem" finished-at="2025-12-27T20:15:50 IST" duration-ms="0" status="PASS">
          <reporter-output>
          </reporter-output>
        </test-method> <!-- SearchForItem -->
        <test-method is-config="true" signature="tearDown()[pri:0, instance:uiTests.SearchProductTests@57ac5227]" started-at="2025-12-27T20:15:50 IST" name="tearDown" finished-at="2025-12-27T20:15:50 IST" duration-ms="178" status="PASS">
          <reporter-output>
          </reporter-output>
        </test-method> <!-- tearDown -->
      </class> <!-- uiTests.SearchProductTests -->
    </test> <!-- Surefire test -->
  </suite> <!-- Surefire suite -->
</testng-results>
