<?xml version="1.0" encoding="UTF-8"?>
<testsuite xmlns:xsi="http://www.w3.org/2001/XMLSchema-instance" xsi:noNamespaceSchemaLocation="https://maven.apache.org/surefire/maven-surefire-plugin/xsd/surefire-test-report-3.0.xsd" version="3.0" name="TestSuite" time="6.442" tests="3" errors="0" skipped="0" failures="0">
  <properties>
[...]
</properties>
  <testcase name="VerifyGetUser" classname="apiTests.PostUserTests" time="1.095">
    <system-out><![CDATA[Report Created
2025-12-27 20:15:45.852 Verbose logging enabled
WireMock server started on port 64431
Stub mapping size: 2
Page Title: Google
2025-12-27 20:15:50.519 Request received:
127.0.0.1 - GET /api/test

Accept: [*/*]
Host: [localhost:64431]
Connection: [keep-alive]
User-Agent: [Apache-HttpClient/4.5.13 (Java/24)]
Accept-Encoding: [gzip,deflate]



Matched response definition:
{
  "status" : 200
}

Response:
HTTP/1.1 200
Matched-Stub-Id: [83f64f3b-2515-41ec-b9dd-8afbfea0e464]

]]></system-out>
    <system-err><![CDATA[SLF4J: Failed to load class "org.slf4j.impl.StaticLoggerBinder".
SLF4J: Defaulting to no-operation (NOP) logger implementation
SLF4J: See http://www.slf4j.org/codes.html#StaticLoggerBinder for further details.
SLF4J: No SLF4J providers were found.
SLF4J: Defaulting to no-operation (NOP) logger implementation
SLF4J: See https://www.slf4j.org/codes.html#noProviders for further details.
SLF4J: Class path contains SLF4J bindings targeting slf4j-api versions 1.7.x or earlier.
SLF4J: Ignoring binding found at [jar:file:/C:/Users/sambit/.m2/repository/org/wiremock/wiremock-standalone/3.0.1/wiremock-standalone-3.0.1.jar!/wiremock/org/slf4j/impl/StaticLoggerBinder.class]
SLF4J: See https://www.slf4j.org/codes.html#ignoredBindings for an explanation.
Dec 27, 2025 8:15:48 PM org.openqa.selenium.devtools.CdpVersionFinder findNearestMatch
WARNING: Unable to find an exact match for CDP version 143, returning the closest version; found: 140; Please update to a Selenium version that supports CDP version 143
]]></system-err>
  </testcase>
  <testcase name="VerifyPostUser" classname="apiTests.PostUserTests" time="0.143">
    <system-out><![CDATA[2025-12-27 20:15:50.724 Request received:
127.0.0.1 - POST /api/users

Accept: [*/*]
Content-Type: [application/json]
Content-Length: [27]
Host: [localhost:64431]
Connection: [keep-alive]
User-Agent: [Apache-HttpClient/4.5.13 (Java/24)]
Accept-Encoding: [gzip,deflate]
{"name":"Sammy","job":"QA"}


Matched response definition:
{
  "status" : 201,
  "body" : "{\"status\":\"created\", \"id\": \"123\",\"name\":\"test\", {\"job\":\"QA\"}",
  "headers" : {
    "Content-Type" : "application/json"
  }
}

Response:
HTTP/1.1 201
Content-Type: [application/json]
Matched-Stub-Id: [08deee35-344e-4603-95b8-c16a74d64da5]

]]></system-out>
  </testcase>
  <testcase name="SearchForItem" classname="uiTests.SearchProductTests" time="0.002"/>
</testsuite>