<?xml version="1.0" encoding="UTF-8"?>
<testng-results ignored="0" total="0" passed="0" failed="0" skipped="0">
  <reporter-output>
  </reporter-output>
  <suite started-at="2025-12-26T19:57:56 IST" name="Surefire suite" finished-at="2025-12-26T19:57:56 IST" duration-ms="5">
    <groups>
    </groups>
    <test started-at="2025-12-26T19:57:56 IST" name="Surefire test" finished-at="2025-12-26T19:57:56 IST" duration-ms="5">
      <class name="setup.BaseTest">
        <test-method is-config="true" signature="setUp()[pri:0, instance:setup.BaseTest@6b4a4e18]" started-at="2025-12-26T19:57:55 IST" name="setUp" finished-at="2025-12-26T19:57:56 IST" duration-ms="933" status="FAIL">
          <exception class="com.github.tomakehurst.wiremock.common.FatalStartupException">
            <message>
              <![CDATA[java.lang.RuntimeException: java.io.IOException: Failed to bind to /0.0.0.0:8080]]>
            </message>
            <full-stacktrace>
              <![CDATA[com.github.tomakehurst.wiremock.common.FatalStartupException: java.lang.RuntimeException: java.io.IOException: Failed to bind to /0.0.0.0:8080
at com.github.tomakehurst.wiremock.WireMockServer.start(WireMockServer.java:160)
at setup.BaseTest.setUp(BaseTest.java:18)
at java.base/jdk.internal.reflect.DirectMethodHandleAccessor.invoke(DirectMethodHandleAccessor.java:103)
at java.base/java.lang.reflect.Method.invoke(Method.java:580)
at org.testng.internal.MethodInvocationHelper.invokeMethod(MethodInvocationHelper.java:133)
at org.testng.internal.MethodInvocationHelper.invokeMethodConsideringTimeout(MethodInvocationHelper.java:62)
at org.testng.internal.ConfigInvoker.invokeConfigurationMethod(ConfigInvoker.java:385)
at org.testng.internal.ConfigInvoker.invokeConfigurations(ConfigInvoker.java:321)
at org.testng.SuiteRunner.privateRun(SuiteRunner.java:317)
at org.testng.SuiteRunner.run(SuiteRunner.java:276)
at org.testng.SuiteRunnerWorker.runSuite(SuiteRunnerWorker.java:53)
at org.testng.SuiteRunnerWorker.run(SuiteRunnerWorker.java:96)
at org.testng.TestNG.runSuitesSequentially(TestNG.java:1212)
at org.testng.TestNG.runSuitesLocally(TestNG.java:1134)
at org.testng.TestNG.runSuites(TestNG.java:1063)
at org.testng.TestNG.run(TestNG.java:1031)
at org.apache.maven.surefire.testng.TestNGExecutor.run(TestNGExecutor.java:155)
at org.apache.maven.surefire.testng.TestNGDirectoryTestSuite.executeMulti(TestNGDirectoryTestSuite.java:169)
at org.apache.maven.surefire.testng.TestNGDirectoryTestSuite.execute(TestNGDirectoryTestSuite.java:88)
at org.apache.maven.surefire.testng.TestNGProvider.invoke(TestNGProvider.java:137)
at org.apache.maven.surefire.booter.ForkedBooter.runSuitesInProcess(ForkedBooter.java:385)
at org.apache.maven.surefire.booter.ForkedBooter.execute(ForkedBooter.java:162)
at org.apache.maven.surefire.booter.ForkedBooter.run(ForkedBooter.java:507)
at org.apache.maven.surefire.booter.ForkedBooter.main(ForkedBooter.java:495)
Caused by: java.lang.RuntimeException: java.io.IOException: Failed to bind to /0.0.0.0:8080
at com.github.tomakehurst.wiremock.jetty.JettyHttpServer.start(JettyHttpServer.java:198)
at com.github.tomakehurst.wiremock.WireMockServer.start(WireMockServer.java:158)
... 23 more
Caused by: java.io.IOException: Failed to bind to /0.0.0.0:8080
at wiremock.org.eclipse.jetty.server.ServerConnector.openAcceptChannel(ServerConnector.java:344)
at wiremock.org.eclipse.jetty.server.ServerConnector.open(ServerConnector.java:304)
at wiremock.org.eclipse.jetty.server.Server.lambda$doStart$0(Server.java:402)
at java.base/java.util.stream.ForEachOps$ForEachOp$OfRef.accept(ForEachOps.java:184)
at java.base/java.util.stream.ReferencePipeline$3$1.accept(ReferencePipeline.java:197)
at java.base/java.util.stream.ReferencePipeline$2$1.accept(ReferencePipeline.java:179)
at java.base/java.util.Spliterators$ArraySpliterator.forEachRemaining(Spliterators.java:1024)
at java.base/java.util.stream.AbstractPipeline.copyInto(AbstractPipeline.java:509)
at java.base/java.util.stream.AbstractPipeline.wrapAndCopyInto(AbstractPipeline.java:499)
at java.base/java.util.stream.ForEachOps$ForEachOp.evaluateSequential(ForEachOps.java:151)
at java.base/java.util.stream.ForEachOps$ForEachOp$OfRef.evaluateSequential(ForEachOps.java:174)
at java.base/java.util.stream.AbstractPipeline.evaluate(AbstractPipeline.java:234)
at java.base/java.util.stream.ReferencePipeline.forEach(ReferencePipeline.java:596)
at wiremock.org.eclipse.jetty.server.Server.doStart(Server.java:398)
at wiremock.org.eclipse.jetty.util.component.AbstractLifeCycle.start(AbstractLifeCycle.java:93)
at com.github.tomakehurst.wiremock.jetty.JettyHttpServer.start(JettyHttpServer.java:196)
... 24 more
Caused by: java.net.BindException: Address already in use: bind
at java.base/sun.nio.ch.Net.bind0(Native Method)
at java.base/sun.nio.ch.Net.bind(Net.java:565)
at java.base/sun.nio.ch.ServerSocketChannelImpl.netBind(ServerSocketChannelImpl.java:344)
at java.base/sun.nio.ch.ServerSocketChannelImpl.bind(ServerSocketChannelImpl.java:301)
at wiremock.org.eclipse.jetty.server.ServerConnector.openAcceptChannel(ServerConnector.java:339)
... 39 more
]]>
            </full-stacktrace>
          </exception> <!-- com.github.tomakehurst.wiremock.common.FatalStartupException -->
          <reporter-output>
          </reporter-output>
        </test-method> <!-- setUp -->
        <test-method is-config="true" signature="tearDown()[pri:0, instance:setup.BaseTest@6b4a4e18]" started-at="2025-12-26T19:57:56 IST" name="tearDown" finished-at="1970-01-01T05:30:00 IST" duration-ms="-1766759276532" status="SKIP">
          <reporter-output>
          </reporter-output>
        </test-method> <!-- tearDown -->
      </class> <!-- setup.BaseTest -->
    </test> <!-- Surefire test -->
  </suite> <!-- Surefire suite -->
</testng-results>
