<?xml version="1.0" encoding="UTF-8"?>
<!-- Generated by org.testng.reporters.JUnitXMLReporter -->
<testsuite ignored="4" hostname="aspire7" failures="0" tests="4" name="PostUserTests" time="5.814" errors="0" timestamp="2025-12-27T20:43:35 IST">
  <testcase classname="appTests.AppiumTest" name="sampleAppiumTest" time="0.019"/>
  <testcase classname="apiTests.PostUserTests" name="VerifyGetUser" time="1.267"/>
  <testcase classname="apiTests.PostUserTests" name="VerifyPostUser" time="0.13"/>
  <testcase classname="uiTests.SearchProductTests" name="SearchForItem" time="0.001"/>
  <testcase classname="setup.BaseTest" name="@BeforeSuite inits" time="0.0">
    <ignored/>
  </testcase> <!-- @BeforeSuite inits -->
  <testcase classname="setup.BaseTest" name="@BeforeSuite inits" time="0.0">
    <ignored/>
  </testcase> <!-- @BeforeSuite inits -->
  <testcase classname="setup.BaseTest" name="@AfterSuite tearDowns" time="0.0">
    <ignored/>
  </testcase> <!-- @AfterSuite tearDowns -->
  <testcase classname="setup.BaseTest" name="@AfterSuite tearDowns" time="0.0">
    <ignored/>
  </testcase> <!-- @AfterSuite tearDowns -->
</testsuite> <!-- PostUserTests -->
