<?xml version="1.0" encoding="UTF-8"?>
<testng-results ignored="0" total="4" passed="4" failed="0" skipped="0">
  <reporter-output>
  </reporter-output>
  <suite started-at="2025-12-27T20:43:29 IST" name="Automation-Suite" finished-at="2025-12-27T20:43:35 IST" duration-ms="5814">
    <groups>
    </groups>
    <test started-at="2025-12-27T20:43:29 IST" name="PostUserTests" finished-at="2025-12-27T20:43:35 IST" duration-ms="5814">
      <class name="apiTests.PostUserTests">
        <test-method is-config="true" signature="init()[pri:0, instance:apiTests.PostUserTests@17ca8b92]" started-at="2025-12-27T20:43:29 IST" name="init" finished-at="2025-12-27T20:43:30 IST" duration-ms="930" status="PASS">
          <reporter-output>
          </reporter-output>
        </test-method> <!-- init -->
        <test-method signature="VerifyGetUser()[pri:0, instance:apiTests.PostUserTests@17ca8b92]" started-at="2025-12-27T20:43:34 IST" name="VerifyGetUser" finished-at="2025-12-27T20:43:35 IST" duration-ms="1267" status="PASS">
          <reporter-output>
          </reporter-output>
        </test-method> <!-- VerifyGetUser -->
        <test-method signature="VerifyPostUser()[pri:0, instance:apiTests.PostUserTests@17ca8b92]" started-at="2025-12-27T20:43:35 IST" name="VerifyPostUser" finished-at="2025-12-27T20:43:35 IST" duration-ms="130" status="PASS">
          <reporter-output>
          </reporter-output>
        </test-method> <!-- VerifyPostUser -->
        <test-method is-config="true" signature="tearDown()[pri:0, instance:apiTests.PostUserTests@17ca8b92]" started-at="2025-12-27T20:43:35 IST" name="tearDown" finished-at="2025-12-27T20:43:35 IST" duration-ms="0" status="PASS">
          <reporter-output>
          </reporter-output>
        </test-method> <!-- tearDown -->
      </class> <!-- apiTests.PostUserTests -->
      <class name="uiTests.SearchProductTests">
        <test-method is-config="true" signature="init()[pri:0, instance:uiTests.SearchProductTests@5491f68b]" started-at="2025-12-27T20:43:30 IST" name="init" finished-at="2025-12-27T20:43:33 IST" duration-ms="2550" status="PASS">
          <reporter-output>
          </reporter-output>
        </test-method> <!-- init -->
        <test-method signature="SearchForItem()[pri:0, instance:uiTests.SearchProductTests@5491f68b]" started-at="2025-12-27T20:43:35 IST" name="SearchForItem" finished-at="2025-12-27T20:43:35 IST" duration-ms="1" status="PASS">
          <reporter-output>
          </reporter-output>
        </test-method> <!-- SearchForItem -->
        <test-method is-config="true" signature="tearDown()[pri:0, instance:uiTests.SearchProductTests@5491f68b]" started-at="2025-12-27T20:43:35 IST" name="tearDown" finished-at="2025-12-27T20:43:35 IST" duration-ms="171" status="PASS">
          <reporter-output>
          </reporter-output>
        </test-method> <!-- tearDown -->
      </class> <!-- uiTests.SearchProductTests -->
      <class name="appTests.AppiumTest">
        <test-method is-config="true" signature="inits()[pri:0, instance:appTests.AppiumTest@5ddf0d24]" started-at="2025-12-27T20:43:22 IST" name="inits" finished-at="2025-12-27T20:43:29 IST" duration-ms="7825" status="PASS">
          <reporter-output>
          </reporter-output>
        </test-method> <!-- inits -->
        <test-method is-config="true" signature="init()[pri:0, instance:appTests.AppiumTest@5ddf0d24]" started-at="2025-12-27T20:43:33 IST" name="init" finished-at="2025-12-27T20:43:33 IST" duration-ms="0" status="PASS">
          <reporter-output>
          </reporter-output>
        </test-method> <!-- init -->
        <test-method signature="sampleAppiumTest()[pri:0, instance:appTests.AppiumTest@5ddf0d24]" started-at="2025-12-27T20:43:33 IST" name="sampleAppiumTest" finished-at="2025-12-27T20:43:33 IST" duration-ms="19" status="PASS">
          <reporter-output>
          </reporter-output>
        </test-method> <!-- sampleAppiumTest -->
        <test-method is-config="true" signature="tearDown()[pri:0, instance:appTests.AppiumTest@5ddf0d24]" started-at="2025-12-27T20:43:33 IST" name="tearDown" finished-at="2025-12-27T20:43:34 IST" duration-ms="696" status="PASS">
          <reporter-output>
          </reporter-output>
        </test-method> <!-- tearDown -->
        <test-method is-config="true" signature="tearDowns()[pri:0, instance:appTests.AppiumTest@5ddf0d24]" started-at="2025-12-27T20:43:35 IST" name="tearDowns" finished-at="2025-12-27T20:43:35 IST" duration-ms="249" status="PASS">
          <reporter-output>
          </reporter-output>
        </test-method> <!-- tearDowns -->
      </class> <!-- appTests.AppiumTest -->
    </test> <!-- PostUserTests -->
  </suite> <!-- Automation-Suite -->
</testng-results>
