<?xml version="1.0" encoding="UTF-8"?>
<!-- Generated by org.testng.reporters.JUnitXMLReporter -->
<testsuite ignored="2" hostname="aspire7" failures="0" tests="3" name="Surefire test" time="5.096" errors="0" timestamp="2025-12-27T20:15:50 IST">
  <testcase classname="apiTests.PostUserTests" name="VerifyGetUser" time="1.094"/>
  <testcase classname="apiTests.PostUserTests" name="VerifyPostUser" time="0.144"/>
  <testcase classname="uiTests.SearchProductTests" name="SearchForItem" time="0.0"/>
  <testcase classname="setup.BaseTest" name="@BeforeSuite inits" time="0.0">
    <ignored/>
  </testcase> <!-- @BeforeSuite inits -->
  <testcase classname="setup.BaseTest" name="@AfterSuite tearDowns" time="0.0">
    <ignored/>
  </testcase> <!-- @AfterSuite tearDowns -->
</testsuite> <!-- Surefire test -->
